{"/home/user/repos/Battleship-game/src/GameBoard.js": {"path":"/home/user/repos/Battleship-game/src/GameBoard.js","statementMap":{"0":{"start":{"line":7,"column":25},"end":{"line":7,"column":27}},"1":{"start":{"line":8,"column":17},"end":{"line":8,"column":19}},"2":{"start":{"line":9,"column":20},"end":{"line":9,"column":22}},"3":{"start":{"line":11,"column":4},"end":{"line":14,"column":5}},"4":{"start":{"line":11,"column":17},"end":{"line":11,"column":18}},"5":{"start":{"line":12,"column":19},"end":{"line":12,"column":45}},"6":{"start":{"line":13,"column":6},"end":{"line":13,"column":30}},"7":{"start":{"line":16,"column":4},"end":{"line":16,"column":24}},"8":{"start":{"line":19,"column":4},"end":{"line":19,"column":31}},"9":{"start":{"line":20,"column":4},"end":{"line":20,"column":45}},"10":{"start":{"line":24,"column":20},"end":{"line":24,"column":36}},"11":{"start":{"line":25,"column":4},"end":{"line":25,"column":37}},"12":{"start":{"line":27,"column":18},"end":{"line":27,"column":32}},"13":{"start":{"line":28,"column":14},"end":{"line":28,"column":28}},"14":{"start":{"line":30,"column":22},"end":{"line":30,"column":43}},"15":{"start":{"line":31,"column":29},"end":{"line":31,"column":49}},"16":{"start":{"line":33,"column":4},"end":{"line":35,"column":5}},"17":{"start":{"line":34,"column":6},"end":{"line":34,"column":28}},"18":{"start":{"line":37,"column":23},"end":{"line":42,"column":5}},"19":{"start":{"line":43,"column":4},"end":{"line":43,"column":38}},"20":{"start":{"line":43,"column":20},"end":{"line":43,"column":38}},"21":{"start":{"line":46,"column":4},"end":{"line":46,"column":69}},"22":{"start":{"line":48,"column":4},"end":{"line":48,"column":26}},"23":{"start":{"line":52,"column":20},"end":{"line":52,"column":36}},"24":{"start":{"line":53,"column":4},"end":{"line":53,"column":37}},"25":{"start":{"line":55,"column":16},"end":{"line":55,"column":30}},"26":{"start":{"line":56,"column":16},"end":{"line":56,"column":30}},"27":{"start":{"line":58,"column":29},"end":{"line":58,"column":31}},"28":{"start":{"line":59,"column":32},"end":{"line":59,"column":56}},"29":{"start":{"line":61,"column":4},"end":{"line":63,"column":5}},"30":{"start":{"line":62,"column":6},"end":{"line":62,"column":28}},"31":{"start":{"line":66,"column":23},"end":{"line":70,"column":5}},"32":{"start":{"line":71,"column":4},"end":{"line":71,"column":38}},"33":{"start":{"line":71,"column":20},"end":{"line":71,"column":38}},"34":{"start":{"line":74,"column":4},"end":{"line":74,"column":56}},"35":{"start":{"line":76,"column":4},"end":{"line":76,"column":26}},"36":{"start":{"line":79,"column":29},"end":{"line":79,"column":73}},"37":{"start":{"line":80,"column":4},"end":{"line":80,"column":28}},"38":{"start":{"line":83,"column":16},"end":{"line":83,"column":17}},"39":{"start":{"line":84,"column":15},"end":{"line":84,"column":16}},"40":{"start":{"line":86,"column":4},"end":{"line":92,"column":5}},"41":{"start":{"line":87,"column":16},"end":{"line":87,"column":37}},"42":{"start":{"line":88,"column":6},"end":{"line":90,"column":9}},"43":{"start":{"line":89,"column":8},"end":{"line":89,"column":35}},"44":{"start":{"line":89,"column":28},"end":{"line":89,"column":35}},"45":{"start":{"line":91,"column":6},"end":{"line":91,"column":14}},"46":{"start":{"line":95,"column":4},"end":{"line":95,"column":53}},"47":{"start":{"line":95,"column":41},"end":{"line":95,"column":53}},"48":{"start":{"line":96,"column":4},"end":{"line":96,"column":17}},"49":{"start":{"line":103,"column":23},"end":{"line":103,"column":24}},"50":{"start":{"line":104,"column":21},"end":{"line":104,"column":35}},"51":{"start":{"line":106,"column":2},"end":{"line":111,"column":3}},"52":{"start":{"line":107,"column":4},"end":{"line":108,"column":48}},"53":{"start":{"line":108,"column":6},"end":{"line":108,"column":48}},"54":{"start":{"line":109,"column":4},"end":{"line":109,"column":21}},"55":{"start":{"line":110,"column":4},"end":{"line":110,"column":19}},"56":{"start":{"line":115,"column":18},"end":{"line":115,"column":34}},"57":{"start":{"line":116,"column":14},"end":{"line":116,"column":15}},"58":{"start":{"line":117,"column":12},"end":{"line":117,"column":26}},"59":{"start":{"line":118,"column":2},"end":{"line":122,"column":3}},"60":{"start":{"line":119,"column":4},"end":{"line":119,"column":26}},"61":{"start":{"line":120,"column":4},"end":{"line":120,"column":12}},"62":{"start":{"line":121,"column":4},"end":{"line":121,"column":10}},"63":{"start":{"line":127,"column":14},"end":{"line":127,"column":28}},"64":{"start":{"line":128,"column":14},"end":{"line":128,"column":15}},"65":{"start":{"line":129,"column":18},"end":{"line":129,"column":32}},"66":{"start":{"line":131,"column":2},"end":{"line":136,"column":3}},"67":{"start":{"line":132,"column":19},"end":{"line":132,"column":49}},"68":{"start":{"line":133,"column":4},"end":{"line":133,"column":66}},"69":{"start":{"line":133,"column":24},"end":{"line":133,"column":66}},"70":{"start":{"line":134,"column":4},"end":{"line":134,"column":12}},"71":{"start":{"line":135,"column":4},"end":{"line":135,"column":16}},"72":{"start":{"line":140,"column":18},"end":{"line":140,"column":34}},"73":{"start":{"line":141,"column":14},"end":{"line":141,"column":15}},"74":{"start":{"line":142,"column":14},"end":{"line":142,"column":28}},"75":{"start":{"line":143,"column":14},"end":{"line":143,"column":28}},"76":{"start":{"line":145,"column":2},"end":{"line":149,"column":3}},"77":{"start":{"line":146,"column":4},"end":{"line":146,"column":41}},"78":{"start":{"line":147,"column":4},"end":{"line":147,"column":12}},"79":{"start":{"line":148,"column":4},"end":{"line":148,"column":12}},"80":{"start":{"line":154,"column":16},"end":{"line":154,"column":30}},"81":{"start":{"line":155,"column":14},"end":{"line":155,"column":28}},"82":{"start":{"line":157,"column":2},"end":{"line":160,"column":3}},"83":{"start":{"line":158,"column":4},"end":{"line":158,"column":35}},"84":{"start":{"line":159,"column":4},"end":{"line":159,"column":13}},"85":{"start":{"line":161,"column":2},"end":{"line":161,"column":49}},"86":{"start":{"line":161,"column":40},"end":{"line":161,"column":49}},"87":{"start":{"line":162,"column":2},"end":{"line":175,"column":3}},"88":{"start":{"line":166,"column":18},"end":{"line":166,"column":44}},"89":{"start":{"line":167,"column":4},"end":{"line":167,"column":18}},"90":{"start":{"line":169,"column":4},"end":{"line":169,"column":39}},"91":{"start":{"line":170,"column":20},"end":{"line":170,"column":34}},"92":{"start":{"line":172,"column":4},"end":{"line":172,"column":35}},"93":{"start":{"line":172,"column":17},"end":{"line":172,"column":35}},"94":{"start":{"line":174,"column":4},"end":{"line":174,"column":17}},"95":{"start":{"line":176,"column":2},"end":{"line":178,"column":3}},"96":{"start":{"line":177,"column":4},"end":{"line":177,"column":17}}},"fnMap":{"0":{"name":"(anonymous_0)","decl":{"start":{"line":18,"column":2},"end":{"line":18,"column":3}},"loc":{"start":{"line":18,"column":16},"end":{"line":21,"column":3}},"line":18},"1":{"name":"(anonymous_1)","decl":{"start":{"line":23,"column":2},"end":{"line":23,"column":3}},"loc":{"start":{"line":23,"column":45},"end":{"line":49,"column":3}},"line":23},"2":{"name":"(anonymous_2)","decl":{"start":{"line":51,"column":2},"end":{"line":51,"column":3}},"loc":{"start":{"line":51,"column":43},"end":{"line":77,"column":3}},"line":51},"3":{"name":"(anonymous_3)","decl":{"start":{"line":78,"column":2},"end":{"line":78,"column":3}},"loc":{"start":{"line":78,"column":29},"end":{"line":81,"column":3}},"line":78},"4":{"name":"(anonymous_4)","decl":{"start":{"line":82,"column":2},"end":{"line":82,"column":3}},"loc":{"start":{"line":82,"column":12},"end":{"line":97,"column":3}},"line":82},"5":{"name":"(anonymous_5)","decl":{"start":{"line":88,"column":18},"end":{"line":88,"column":19}},"loc":{"start":{"line":88,"column":28},"end":{"line":90,"column":7}},"line":88},"6":{"name":"checkIfShipExistsHorizontal","decl":{"start":{"line":102,"column":9},"end":{"line":102,"column":36}},"loc":{"start":{"line":102,"column":69},"end":{"line":112,"column":1}},"line":102},"7":{"name":"placeShipHorizontally","decl":{"start":{"line":114,"column":9},"end":{"line":114,"column":30}},"loc":{"start":{"line":114,"column":60},"end":{"line":123,"column":1}},"line":114},"8":{"name":"checkIfShipExistsVertical","decl":{"start":{"line":126,"column":9},"end":{"line":126,"column":34}},"loc":{"start":{"line":126,"column":56},"end":{"line":137,"column":1}},"line":126},"9":{"name":"placeShipVertically","decl":{"start":{"line":139,"column":9},"end":{"line":139,"column":28}},"loc":{"start":{"line":139,"column":50},"end":{"line":150,"column":1}},"line":139},"10":{"name":"receiveAttackUtility","decl":{"start":{"line":153,"column":9},"end":{"line":153,"column":29}},"loc":{"start":{"line":153,"column":43},"end":{"line":179,"column":1}},"line":153}},"branchMap":{"0":{"loc":{"start":{"line":33,"column":4},"end":{"line":35,"column":5}},"type":"if","locations":[{"start":{"line":33,"column":4},"end":{"line":35,"column":5}},{"start":{},"end":{}}],"line":33},"1":{"loc":{"start":{"line":43,"column":4},"end":{"line":43,"column":38}},"type":"if","locations":[{"start":{"line":43,"column":4},"end":{"line":43,"column":38}},{"start":{},"end":{}}],"line":43},"2":{"loc":{"start":{"line":61,"column":4},"end":{"line":63,"column":5}},"type":"if","locations":[{"start":{"line":61,"column":4},"end":{"line":63,"column":5}},{"start":{},"end":{}}],"line":61},"3":{"loc":{"start":{"line":71,"column":4},"end":{"line":71,"column":38}},"type":"if","locations":[{"start":{"line":71,"column":4},"end":{"line":71,"column":38}},{"start":{},"end":{}}],"line":71},"4":{"loc":{"start":{"line":89,"column":8},"end":{"line":89,"column":35}},"type":"if","locations":[{"start":{"line":89,"column":8},"end":{"line":89,"column":35}},{"start":{},"end":{}}],"line":89},"5":{"loc":{"start":{"line":95,"column":4},"end":{"line":95,"column":53}},"type":"if","locations":[{"start":{"line":95,"column":4},"end":{"line":95,"column":53}},{"start":{},"end":{}}],"line":95},"6":{"loc":{"start":{"line":107,"column":4},"end":{"line":108,"column":48}},"type":"if","locations":[{"start":{"line":107,"column":4},"end":{"line":108,"column":48}},{"start":{},"end":{}}],"line":107},"7":{"loc":{"start":{"line":133,"column":4},"end":{"line":133,"column":66}},"type":"if","locations":[{"start":{"line":133,"column":4},"end":{"line":133,"column":66}},{"start":{},"end":{}}],"line":133},"8":{"loc":{"start":{"line":157,"column":2},"end":{"line":160,"column":3}},"type":"if","locations":[{"start":{"line":157,"column":2},"end":{"line":160,"column":3}},{"start":{},"end":{}}],"line":157},"9":{"loc":{"start":{"line":161,"column":2},"end":{"line":161,"column":49}},"type":"if","locations":[{"start":{"line":161,"column":2},"end":{"line":161,"column":49}},{"start":{},"end":{}}],"line":161},"10":{"loc":{"start":{"line":162,"column":2},"end":{"line":175,"column":3}},"type":"if","locations":[{"start":{"line":162,"column":2},"end":{"line":175,"column":3}},{"start":{},"end":{}}],"line":162},"11":{"loc":{"start":{"line":163,"column":4},"end":{"line":164,"column":46}},"type":"binary-expr","locations":[{"start":{"line":163,"column":4},"end":{"line":163,"column":50}},{"start":{"line":164,"column":4},"end":{"line":164,"column":46}}],"line":163},"12":{"loc":{"start":{"line":172,"column":4},"end":{"line":172,"column":35}},"type":"if","locations":[{"start":{"line":172,"column":4},"end":{"line":172,"column":35}},{"start":{},"end":{}}],"line":172},"13":{"loc":{"start":{"line":176,"column":2},"end":{"line":178,"column":3}},"type":"if","locations":[{"start":{"line":176,"column":2},"end":{"line":178,"column":3}},{"start":{},"end":{}}],"line":176}},"s":{"0":14,"1":14,"2":14,"3":14,"4":14,"5":140,"6":140,"7":14,"8":14,"9":14,"10":8,"11":8,"12":8,"13":8,"14":8,"15":8,"16":8,"17":0,"18":8,"19":8,"20":0,"21":8,"22":8,"23":8,"24":8,"25":8,"26":8,"27":8,"28":8,"29":8,"30":0,"31":8,"32":8,"33":0,"34":8,"35":8,"36":8,"37":8,"38":4,"39":4,"40":4,"41":40,"42":40,"43":400,"44":6,"45":40,"46":4,"47":0,"48":4,"49":8,"50":8,"51":8,"52":32,"53":0,"54":32,"55":32,"56":8,"57":8,"58":8,"59":8,"60":32,"61":32,"62":32,"63":8,"64":8,"65":8,"66":8,"67":24,"68":24,"69":0,"70":24,"71":24,"72":8,"73":8,"74":8,"75":8,"76":8,"77":24,"78":24,"79":24,"80":8,"81":8,"82":8,"83":4,"84":4,"85":4,"86":0,"87":4,"88":4,"89":4,"90":4,"91":4,"92":4,"93":0,"94":4,"95":0,"96":0},"f":{"0":14,"1":8,"2":8,"3":8,"4":4,"5":400,"6":8,"7":8,"8":8,"9":8,"10":8},"b":{"0":[0,8],"1":[0,8],"2":[0,8],"3":[0,8],"4":[6,394],"5":[0,4],"6":[0,32],"7":[0,24],"8":[4,4],"9":[0,4],"10":[4,0],"11":[4,4],"12":[0,4],"13":[0,0]},"_coverageSchema":"1a1c01bbd47fc00a2c39e90264f33305004495a9","hash":"3c52afc8ea13ea2adf65e2780b13bfec02663101"}
,"/home/user/repos/Battleship-game/src/Player.js": {"path":"/home/user/repos/Battleship-game/src/Player.js","statementMap":{"0":{"start":{"line":5,"column":4},"end":{"line":5,"column":21}},"1":{"start":{"line":6,"column":4},"end":{"line":6,"column":22}},"2":{"start":{"line":7,"column":4},"end":{"line":7,"column":33}},"3":{"start":{"line":11,"column":4},"end":{"line":11,"column":55}}},"fnMap":{"0":{"name":"(anonymous_0)","decl":{"start":{"line":4,"column":2},"end":{"line":4,"column":3}},"loc":{"start":{"line":4,"column":20},"end":{"line":8,"column":3}},"line":4},"1":{"name":"(anonymous_1)","decl":{"start":{"line":10,"column":2},"end":{"line":10,"column":3}},"loc":{"start":{"line":10,"column":25},"end":{"line":12,"column":3}},"line":10}},"branchMap":{},"s":{"0":4,"1":4,"2":4,"3":8},"f":{"0":4,"1":8},"b":{},"_coverageSchema":"1a1c01bbd47fc00a2c39e90264f33305004495a9","hash":"5090b5b70689ed2835a26f9c3f2822aabeeaf02d"}
,"/home/user/repos/Battleship-game/src/Ship.js": {"path":"/home/user/repos/Battleship-game/src/Ship.js","statementMap":{"0":{"start":{"line":4,"column":4},"end":{"line":4,"column":25}},"1":{"start":{"line":5,"column":4},"end":{"line":5,"column":18}},"2":{"start":{"line":6,"column":4},"end":{"line":6,"column":22}},"3":{"start":{"line":9,"column":4},"end":{"line":9,"column":16}},"4":{"start":{"line":12,"column":4},"end":{"line":14,"column":5}},"5":{"start":{"line":13,"column":6},"end":{"line":13,"column":23}}},"fnMap":{"0":{"name":"(anonymous_0)","decl":{"start":{"line":3,"column":2},"end":{"line":3,"column":3}},"loc":{"start":{"line":3,"column":22},"end":{"line":7,"column":3}},"line":3},"1":{"name":"(anonymous_1)","decl":{"start":{"line":8,"column":2},"end":{"line":8,"column":3}},"loc":{"start":{"line":8,"column":8},"end":{"line":10,"column":3}},"line":8},"2":{"name":"(anonymous_2)","decl":{"start":{"line":11,"column":2},"end":{"line":11,"column":3}},"loc":{"start":{"line":11,"column":11},"end":{"line":15,"column":3}},"line":11}},"branchMap":{"0":{"loc":{"start":{"line":12,"column":4},"end":{"line":14,"column":5}},"type":"if","locations":[{"start":{"line":12,"column":4},"end":{"line":14,"column":5}},{"start":{},"end":{}}],"line":12}},"s":{"0":57,"1":57,"2":57,"3":18,"4":0,"5":0},"f":{"0":57,"1":18,"2":0},"b":{"0":[0,0]},"_coverageSchema":"1a1c01bbd47fc00a2c39e90264f33305004495a9","hash":"a602247bc8abc14af6d88301f6158b6707696684"}
}
