TN:
SF:src/GameBoard.js
FN:18,(anonymous_0)
FN:23,(anonymous_1)
FN:51,(anonymous_2)
FN:78,(anonymous_3)
FN:82,(anonymous_4)
FN:88,(anonymous_5)
FN:102,checkIfShipExistsHorizontal
FN:114,placeShipHorizontally
FN:126,checkIfShipExistsVertical
FN:139,placeShipVertically
FN:153,receiveAttackUtility
FNF:11
FNH:11
FNDA:14,(anonymous_0)
FNDA:8,(anonymous_1)
FNDA:8,(anonymous_2)
FNDA:8,(anonymous_3)
FNDA:4,(anonymous_4)
FNDA:400,(anonymous_5)
FNDA:8,checkIfShipExistsHorizontal
FNDA:8,placeShipHorizontally
FNDA:8,checkIfShipExistsVertical
FNDA:8,placeShipVertically
FNDA:8,receiveAttackUtility
DA:7,14
DA:8,14
DA:9,14
DA:11,14
DA:12,140
DA:13,140
DA:16,14
DA:19,14
DA:20,14
DA:24,8
DA:25,8
DA:27,8
DA:28,8
DA:30,8
DA:31,8
DA:33,8
DA:34,0
DA:37,8
DA:43,8
DA:46,8
DA:48,8
DA:52,8
DA:53,8
DA:55,8
DA:56,8
DA:58,8
DA:59,8
DA:61,8
DA:62,0
DA:66,8
DA:71,8
DA:74,8
DA:76,8
DA:79,8
DA:80,8
DA:83,4
DA:84,4
DA:86,4
DA:87,40
DA:88,40
DA:89,400
DA:91,40
DA:95,4
DA:96,4
DA:103,8
DA:104,8
DA:106,8
DA:107,32
DA:108,0
DA:109,32
DA:110,32
DA:115,8
DA:116,8
DA:117,8
DA:118,8
DA:119,32
DA:120,32
DA:121,32
DA:127,8
DA:128,8
DA:129,8
DA:131,8
DA:132,24
DA:133,24
DA:134,24
DA:135,24
DA:140,8
DA:141,8
DA:142,8
DA:143,8
DA:145,8
DA:146,24
DA:147,24
DA:148,24
DA:154,8
DA:155,8
DA:157,8
DA:158,4
DA:159,4
DA:161,4
DA:162,4
DA:166,4
DA:167,4
DA:169,4
DA:170,4
DA:172,4
DA:174,4
DA:176,0
DA:177,0
LF:89
LH:84
BRDA:33,0,0,0
BRDA:33,0,1,8
BRDA:43,1,0,0
BRDA:43,1,1,8
BRDA:61,2,0,0
BRDA:61,2,1,8
BRDA:71,3,0,0
BRDA:71,3,1,8
BRDA:89,4,0,6
BRDA:89,4,1,394
BRDA:95,5,0,0
BRDA:95,5,1,4
BRDA:107,6,0,0
BRDA:107,6,1,32
BRDA:133,7,0,0
BRDA:133,7,1,24
BRDA:157,8,0,4
BRDA:157,8,1,4
BRDA:161,9,0,0
BRDA:161,9,1,4
BRDA:162,10,0,4
BRDA:162,10,1,0
BRDA:163,11,0,4
BRDA:163,11,1,4
BRDA:172,12,0,0
BRDA:172,12,1,4
BRDA:176,13,0,0
BRDA:176,13,1,0
BRF:28
BRH:16
end_of_record
TN:
SF:src/Player.js
FN:4,(anonymous_0)
FN:10,(anonymous_1)
FNF:2
FNH:2
FNDA:4,(anonymous_0)
FNDA:8,(anonymous_1)
DA:5,4
DA:6,4
DA:7,4
DA:11,8
LF:4
LH:4
BRF:0
BRH:0
end_of_record
TN:
SF:src/Ship.js
FN:3,(anonymous_0)
FN:8,(anonymous_1)
FN:11,(anonymous_2)
FNF:3
FNH:2
FNDA:57,(anonymous_0)
FNDA:18,(anonymous_1)
FNDA:0,(anonymous_2)
DA:4,57
DA:5,57
DA:6,57
DA:9,18
DA:12,0
DA:13,0
LF:6
LH:4
BRDA:12,0,0,0
BRDA:12,0,1,0
BRF:2
BRH:0
end_of_record
